<?xml version="1.0" encoding="UTF-8"?>
<!-- Generated by org.testng.reporters.JUnitReportReporter -->
<testsuite hostname="alfarizy-pc" failures="0" tests="1" name="testScript.testkanggoIndex" time="0.496" errors="0" timestamp="2024-09-07T09:49:22 WIB" skipped="0">
  <testcase classname="testScript.testkanggoIndex" name="testScriptKanggo" time="0.496"/>
  <system-out/>
</testsuite> <!-- testScript.testkanggoIndex -->
