<?xml version="1.0" encoding="UTF-8"?>
<!-- Generated by org.testng.reporters.JUnitReportReporter -->
<testsuite hostname="nusatrip-desktop" failures="0" tests="1" name="testScript.testkanggoPerusahaan" time="2.477" errors="0" timestamp="2024-09-06T14:37:56 WIB" skipped="0">
  <testcase classname="testScript.testkanggoPerusahaan" name="testScriptKanggo" time="2.477"/>
  <system-out/>
</testsuite> <!-- testScript.testkanggoPerusahaan -->
