<?xml version="1.0" encoding="UTF-8"?>
<!-- Generated by org.testng.reporters.JUnitReportReporter -->
<testsuite hostname="nusatrip-desktop" failures="0" tests="1" name="testScript.testkanggoIndex" time="2.695" errors="0" timestamp="2024-09-06T14:37:56 WIB" skipped="0">
  <testcase classname="testScript.testkanggoIndex" name="testScriptKanggo" time="2.695"/>
  <system-out/>
</testsuite> <!-- testScript.testkanggoIndex -->
