<?xml version="1.0" encoding="UTF-8"?>
<!-- Generated by org.testng.reporters.JUnitReportReporter -->
<testsuite hostname="nusatrip-desktop" failures="0" tests="1" name="testScript.testkanggoUtkTukangJagoan" time="3.318" errors="0" timestamp="2024-09-06T14:37:56 WIB" skipped="0">
  <testcase classname="testScript.testkanggoUtkTukangJagoan" name="testScriptKanggo" time="3.318"/>
  <system-out/>
</testsuite> <!-- testScript.testkanggoUtkTukangJagoan -->
